2021-12-03 19:08:40,223:INFO:PyCaret Classification Module
2021-12-03 19:08:40,223:INFO:version 2.0
2021-12-03 19:08:40,225:INFO:Initializing setup()
2021-12-03 19:08:40,225:INFO:USI: 27b0
2021-12-03 19:08:40,226:INFO:setup(data=(22786, 13940), target=label, train_size=0.7, sampling=True, sample_estimator=None, categorical_features=None, categorical_imputation=constant, ordinal_features=None,
                    high_cardinality_features=None, high_cardinality_method=frequency, numeric_features=None, numeric_imputation=mean, date_features=None, ignore_features=None, normalize=False,
                    normalize_method=zscore, transformation=False, transformation_method=yeo-johnson, handle_unknown_categorical=True, unknown_categorical_method=least_frequent, pca=False, pca_method=linear,
                    pca_components=None, ignore_low_variance=False, combine_rare_levels=False, rare_level_threshold=0.1, bin_numeric_features=None, remove_outliers=False, outliers_threshold=0.05,
                    remove_multicollinearity=False, multicollinearity_threshold=0.9, remove_perfect_collinearity=False, create_clusters=False, cluster_iter=20,
                    polynomial_features=False, polynomial_degree=2, trigonometry_features=False, polynomial_threshold=0.1, group_features=None,
                    group_names=None, feature_selection=False, feature_selection_threshold=0.8, feature_interaction=False, feature_ratio=False, interaction_threshold=0.01,
                    fix_imbalance=False, fix_imbalance_method=None, data_split_shuffle=True, folds_shuffle=False, n_jobs=-1, html=True, session_id=123, log_experiment=True,
                    experiment_name=faculty-tfidf-1, log_plots=False, log_profile=False, log_data=False, silent=False, verbose=True, profile=False)
2021-12-03 19:08:40,227:INFO:Checking environment
2021-12-03 19:08:40,227:INFO:python_version: 3.7.12
2021-12-03 19:08:40,227:INFO:python_build: ('default', 'Dec  3 2021 02:33:14')
2021-12-03 19:08:40,228:INFO:machine: x86_64
2021-12-03 19:08:40,229:INFO:platform: Linux-5.10.60.1-microsoft-standard-WSL2-x86_64-with-debian-11.1
2021-12-03 19:08:40,234:WARNING:cannot find psutil installation. memory not traceable. Install psutil using pip to enable memory logging. 
2021-12-03 19:08:40,235:INFO:Checking libraries
2021-12-03 19:08:40,235:INFO:pd==1.3.4
2021-12-03 19:08:40,236:INFO:numpy==1.19.5
2021-12-03 19:08:40,236:INFO:sklearn==0.23.2
2021-12-03 19:08:40,321:INFO:xgboost==1.5.1
2021-12-03 19:08:40,353:INFO:lightgbm==3.3.1
2021-12-03 19:08:40,377:INFO:catboost==1.0.3
2021-12-03 19:08:40,378:INFO:mlflow==1.22.0
2021-12-03 19:08:40,378:INFO:Checking Exceptions
2021-12-03 19:08:40,381:INFO:Preloading libraries
2021-12-03 19:08:40,381:INFO:Preparing display monitor
2021-12-03 19:08:40,405:INFO:Importing libraries
2021-12-03 19:08:40,871:INFO:Copying data for preprocessing
2021-12-03 19:08:59,406:INFO:Declaring global variables
2021-12-03 19:08:59,445:INFO:Declaring preprocessing parameters
2021-12-03 19:08:59,447:INFO:Importing preprocessing module
2021-12-03 19:09:00,683:INFO:Creating preprocessing pipeline
